Using pre-set license
Built from '2021.3/staging' branch; Version is '2021.3.14f1 (eee1884e7226) revision 15655304'; Using compiler version '192829333'; Build Type 'Release'
OS: 'Windows 10  (10.0.19045) 64bit Professional' Language: 'en' Physical Memory: 8083 MB
BatchMode: 1, IsHumanControllingUs: 0, StartBugReporterOnCrash: 0, Is64bit: 1, IsPro: 1

COMMAND LINE ARGUMENTS:
C:\Program Files\Unity Hub\2021.3.14f1\Editor\Unity.exe
-adb2
-batchMode
-noUpm
-name
AssetImportWorker0
-projectPath
C:/Users/hp/FYP
-logFile
Logs/AssetImportWorker0.log
-srvPort
60485
Successfully changed project path to: C:/Users/hp/FYP
C:/Users/hp/FYP
[UnityMemory] Configuration Parameters - Can be set up in boot.config
    "memorysetup-bucket-allocator-granularity=16"
    "memorysetup-bucket-allocator-bucket-count=8"
    "memorysetup-bucket-allocator-block-size=33554432"
    "memorysetup-bucket-allocator-block-count=8"
    "memorysetup-main-allocator-block-size=16777216"
    "memorysetup-thread-allocator-block-size=16777216"
    "memorysetup-gfx-main-allocator-block-size=16777216"
    "memorysetup-gfx-thread-allocator-block-size=16777216"
    "memorysetup-cache-allocator-block-size=4194304"
    "memorysetup-typetree-allocator-block-size=2097152"
    "memorysetup-profiler-bucket-allocator-granularity=16"
    "memorysetup-profiler-bucket-allocator-bucket-count=8"
    "memorysetup-profiler-bucket-allocator-block-size=33554432"
    "memorysetup-profiler-bucket-allocator-block-count=8"
    "memorysetup-profiler-allocator-block-size=16777216"
    "memorysetup-profiler-editor-allocator-block-size=1048576"
    "memorysetup-temp-allocator-size-main=16777216"
    "memorysetup-job-temp-allocator-block-size=2097152"
    "memorysetup-job-temp-allocator-block-size-background=1048576"
    "memorysetup-job-temp-allocator-reduction-small-platforms=262144"
    "memorysetup-temp-allocator-size-background-worker=32768"
    "memorysetup-temp-allocator-size-job-worker=262144"
    "memorysetup-temp-allocator-size-preload-manager=33554432"
    "memorysetup-temp-allocator-size-nav-mesh-worker=65536"
    "memorysetup-temp-allocator-size-audio-worker=65536"
    "memorysetup-temp-allocator-size-cloud-worker=32768"
    "memorysetup-temp-allocator-size-gi-baking-worker=262144"
    "memorysetup-temp-allocator-size-gfx=262144"
Refreshing native plugins compatible for Editor in 305.63 ms, found 2 plugins.
Preloading 0 native plugins for Editor in 0.00 ms.
Initialize engine version: 2021.3.14f1 (eee1884e7226)
[Subsystems] Discovering subsystems at path C:/Program Files/Unity Hub/2021.3.14f1/Editor/Data/Resources/UnitySubsystems
[Subsystems] Discovering subsystems at path C:/Users/hp/FYP/Assets
GfxDevice: creating device client; threaded=0; jobified=0
Direct3D:
    Version:  Direct3D 11.0 [level 11.1]
    Renderer: AMD Radeon (TM) R7 M360 (ID=0x6900)
    Vendor:   ATI
    VRAM:     2038 MB
    Driver:   27.20.1034.6
Initialize mono
Mono path[0] = 'C:/Program Files/Unity Hub/2021.3.14f1/Editor/Data/Managed'
Mono path[1] = 'C:/Program Files/Unity Hub/2021.3.14f1/Editor/Data/MonoBleedingEdge/lib/mono/unityjit-win32'
Mono config path = 'C:/Program Files/Unity Hub/2021.3.14f1/Editor/Data/MonoBleedingEdge/etc'
Using monoOptions --debugger-agent=transport=dt_socket,embedding=1,server=y,suspend=n,address=127.0.0.1:56712
Begin MonoManager ReloadAssembly
Registering precompiled unity dll's ...
Register platform support module: C:/Program Files/Unity Hub/2021.3.14f1/Editor/Data/PlaybackEngines/WindowsStandaloneSupport/UnityEditor.WindowsStandalone.Extensions.dll
Registered in 0.023896 seconds.
Native extension for WindowsStandalone target not found
Refreshing native plugins compatible for Editor in 259.00 ms, found 2 plugins.
Preloading 0 native plugins for Editor in 0.00 ms.
Mono: successfully reloaded assembly
- Completed reload, in  2.970 seconds
Domain Reload Profiling:
	ReloadAssembly (2971ms)
		BeginReloadAssembly (334ms)
			ExecutionOrderSort (0ms)
			DisableScriptedObjects (0ms)
			BackupInstance (0ms)
			ReleaseScriptingObjects (0ms)
			CreateAndSetChildDomain (3ms)
		EndReloadAssembly (2123ms)
			LoadAssemblies (327ms)
			RebuildTransferFunctionScriptingTraits (0ms)
			SetupTypeCache (519ms)
			ReleaseScriptCaches (0ms)
			RebuildScriptCaches (167ms)
			SetupLoadedEditorAssemblies (1187ms)
				LogAssemblyErrors (0ms)
				InitializePlatformSupportModulesInManaged (36ms)
				SetLoadedEditorAssemblies (1ms)
				RefreshPlugins (259ms)
				BeforeProcessingInitializeOnLoad (6ms)
				ProcessInitializeOnLoadAttributes (596ms)
				ProcessInitializeOnLoadMethodAttributes (289ms)
				AfterProcessingInitializeOnLoad (0ms)
				EditorAssembliesLoaded (1ms)
			ExecutionOrderSort2 (0ms)
			AwakeInstancesAfterBackupRestoration (0ms)
Platform modules already initialized, skipping
Registering precompiled user dll's ...
Registered in 0.024496 seconds.
Begin MonoManager ReloadAssembly
Native extension for WindowsStandalone target not found
Refreshing native plugins compatible for Editor in 124.78 ms, found 2 plugins.
Preloading 0 native plugins for Editor in 0.00 ms.
[ScriptCompilation] NOT recompiling all scripts because this is an import worker process. Reason to compile was: Define symbols changed
Mono: successfully reloaded assembly
- Completed reload, in  2.411 seconds
Domain Reload Profiling:
	ReloadAssembly (2412ms)
		BeginReloadAssembly (259ms)
			ExecutionOrderSort (0ms)
			DisableScriptedObjects (17ms)
			BackupInstance (0ms)
			ReleaseScriptingObjects (0ms)
			CreateAndSetChildDomain (34ms)
		EndReloadAssembly (1892ms)
			LoadAssemblies (206ms)
			RebuildTransferFunctionScriptingTraits (0ms)
			SetupTypeCache (483ms)
			ReleaseScriptCaches (1ms)
			RebuildScriptCaches (95ms)
			SetupLoadedEditorAssemblies (1039ms)
				LogAssemblyErrors (0ms)
				InitializePlatformSupportModulesInManaged (8ms)
				SetLoadedEditorAssemblies (0ms)
				RefreshPlugins (125ms)
				BeforeProcessingInitializeOnLoad (209ms)
				ProcessInitializeOnLoadAttributes (628ms)
				ProcessInitializeOnLoadMethodAttributes (53ms)
				AfterProcessingInitializeOnLoad (15ms)
				EditorAssembliesLoaded (0ms)
			ExecutionOrderSort2 (0ms)
			AwakeInstancesAfterBackupRestoration (14ms)
Platform modules already initialized, skipping
========================================================================
Worker process is ready to serve import requests
Launched and connected shader compiler UnityShaderCompiler.exe after 0.14 seconds
Refreshing native plugins compatible for Editor in 1.41 ms, found 2 plugins.
Preloading 0 native plugins for Editor in 0.00 ms.
Unloading 2596 Unused Serialized files (Serialized files now loaded: 0)
Unloading 47 unused Assets / (1.3 MB). Loaded Objects now: 3086.
Memory consumption went from 140.4 MB to 139.1 MB.
Total: 7.350000 ms (FindLiveObjects: 0.368700 ms CreateObjectMapping: 0.241700 ms MarkObjects: 6.274000 ms  DeleteObjects: 0.464000 ms)

AssetImportParameters requested are different than current active one (requested -> active):
  custom:video-decoder-ogg-theora: a1e56fd34408186e4bbccfd4996cb3dc -> 
  custom:container-muxer-webm: aa71ff27fc2769a1b78a27578f13a17b -> 
  custom:container-demuxer-webm: 4f35f7cbe854078d1ac9338744f61a02 -> 
  custom:video-encoder-webm-vp8: eb34c28f22e8b96e1ab97ce403110664 -> 
  custom:audio-encoder-webm-vorbis: bf7c407c2cedff20999df2af8eb42d56 -> 
  custom:framework-win-MediaFoundation: 216162199b28c13a410421893ffa2e32 -> 
  custom:container-demuxer-ogg: 62fdf1f143b41e24485cea50d1cbac27 -> 
  custom:video-decoder-webm-vp8: 9c59270c3fd7afecdb556c50c9e8de78 -> 
  custom:audio-decoder-ogg-vorbis: bf7c407c2cedff20999df2af8eb42d56 -> 
========================================================================
Received Import Request.
  Time since last request: 3154225.580570 seconds.
  path: Assets/Scenes/awakeScene/LightingData.asset
  artifactKey: Guid(5fbb06425c9adc14f8b4b1d80edc6f49) Importer(815301076,1909f56bfc062723c751e8b465ee728b)
Start importing Assets/Scenes/awakeScene/LightingData.asset using Guid(5fbb06425c9adc14f8b4b1d80edc6f49) Importer(815301076,1909f56bfc062723c751e8b465ee728b)  -> (artifact id: '97f512707b64de9a9c6c770944572f03') in 0.108814 seconds 
========================================================================
Received Import Request.
  Time since last request: 0.000585 seconds.
  path: Assets/Scenes/awakeScene.unity
  artifactKey: Guid(69160dfbc3e10454fac39b45a5c98850) Importer(815301076,1909f56bfc062723c751e8b465ee728b)
Start importing Assets/Scenes/awakeScene.unity using Guid(69160dfbc3e10454fac39b45a5c98850) Importer(815301076,1909f56bfc062723c751e8b465ee728b)  -> (artifact id: 'a5cf338f5bc9c234bf2ea659b72f66da') in 0.016001 seconds 
========================================================================
Received Import Request.
  Time since last request: 0.000056 seconds.
  path: Assets/Scenes/Main Camera.prefab
  artifactKey: Guid(6aea719c77a204941aef99ec4db85e42) Importer(815301076,1909f56bfc062723c751e8b465ee728b)
Start importing Assets/Scenes/Main Camera.prefab using Guid(6aea719c77a204941aef99ec4db85e42) Importer(815301076,1909f56bfc062723c751e8b465ee728b)  -> (artifact id: 'c6d922118ee1174d158ff33621f5e20d') in 0.118338 seconds 
========================================================================
Received Import Request.
  Time since last request: 39.729454 seconds.
  path: Assets/map/Yughues Free Palm Trees/Prefabs/PalmTreeDualBendedOneSided.prefab
  artifactKey: Guid(38291ecd3571d294ead9e9d15c345a6d) Importer(815301076,1909f56bfc062723c751e8b465ee728b)
Start importing Assets/map/Yughues Free Palm Trees/Prefabs/PalmTreeDualBendedOneSided.prefab using Guid(38291ecd3571d294ead9e9d15c345a6d) Importer(815301076,1909f56bfc062723c751e8b465ee728b)  -> (artifact id: 'c068973ff0a4859f7a61d35b920b07b6') in 0.726738 seconds 
========================================================================
Received Import Request.
  Time since last request: 0.000045 seconds.
  path: Assets/map/Yughues Free Palm Trees/Prefabs/PalmTreeSingleStraightOneSided.prefab
  artifactKey: Guid(20ddc844cd25b244f8005cba06955856) Importer(815301076,1909f56bfc062723c751e8b465ee728b)
Start importing Assets/map/Yughues Free Palm Trees/Prefabs/PalmTreeSingleStraightOneSided.prefab using Guid(20ddc844cd25b244f8005cba06955856) Importer(815301076,1909f56bfc062723c751e8b465ee728b)  -> (artifact id: 'a2eed2a325e315ca36c4a1b7df5fe0f6') in 0.058290 seconds 
========================================================================
Received Import Request.
  Time since last request: 0.000054 seconds.
  path: Assets/map/Yughues Free Palm Trees/Prefabs/PalmTreeSingleBendedTwoSided.prefab
  artifactKey: Guid(8d67c8074b567ec459905d65232f7154) Importer(815301076,1909f56bfc062723c751e8b465ee728b)
Start importing Assets/map/Yughues Free Palm Trees/Prefabs/PalmTreeSingleBendedTwoSided.prefab using Guid(8d67c8074b567ec459905d65232f7154) Importer(815301076,1909f56bfc062723c751e8b465ee728b)  -> (artifact id: 'b9b21ce014000957ca67bc3d15427e3d') in 0.063730 seconds 
========================================================================
Received Import Request.
  Time since last request: 0.000039 seconds.
  path: Assets/map/Yughues Free Palm Trees/Prefabs/PalmTreeTrioTwoSided.prefab
  artifactKey: Guid(ecc2762d91d3584429565bde5fbede9e) Importer(815301076,1909f56bfc062723c751e8b465ee728b)
Start importing Assets/map/Yughues Free Palm Trees/Prefabs/PalmTreeTrioTwoSided.prefab using Guid(ecc2762d91d3584429565bde5fbede9e) Importer(815301076,1909f56bfc062723c751e8b465ee728b)  -> (artifact id: '329d793ed75159d5e1aebb3d5b063d25') in 0.063797 seconds 
========================================================================
Received Import Request.
  Time since last request: 0.000028 seconds.
  path: Assets/map/Yughues Free Palm Trees/Prefabs/PalmTreeSingleStraightTwoSided.prefab
  artifactKey: Guid(03566e50eb2d319468a8720030b6bcf6) Importer(815301076,1909f56bfc062723c751e8b465ee728b)
Start importing Assets/map/Yughues Free Palm Trees/Prefabs/PalmTreeSingleStraightTwoSided.prefab using Guid(03566e50eb2d319468a8720030b6bcf6) Importer(815301076,1909f56bfc062723c751e8b465ee728b)  -> (artifact id: '430a5ebc448d9f8ce0e406a0709da792') in 0.051971 seconds 
========================================================================
Received Import Request.
  Time since last request: 0.000047 seconds.
  path: Assets/map/Yughues Free Palm Trees/Prefabs/PalmTreeDualBendedTwoSided.prefab
  artifactKey: Guid(785bfd81c9fb838469851c06eb415f7a) Importer(815301076,1909f56bfc062723c751e8b465ee728b)
Start importing Assets/map/Yughues Free Palm Trees/Prefabs/PalmTreeDualBendedTwoSided.prefab using Guid(785bfd81c9fb838469851c06eb415f7a) Importer(815301076,1909f56bfc062723c751e8b465ee728b)  -> (artifact id: '9c8ff256a3918f4627a766529516d69d') in 0.059941 seconds 
========================================================================
Received Import Request.
  Time since last request: 0.000049 seconds.
  path: Assets/map/Yughues Free Palm Trees/Prefabs/PalmTreeSingleBendedOneSided.prefab
  artifactKey: Guid(b22d7dcea44833b4ab41d64beb6e42c8) Importer(815301076,1909f56bfc062723c751e8b465ee728b)
Start importing Assets/map/Yughues Free Palm Trees/Prefabs/PalmTreeSingleBendedOneSided.prefab using Guid(b22d7dcea44833b4ab41d64beb6e42c8) Importer(815301076,1909f56bfc062723c751e8b465ee728b)  -> (artifact id: 'fa5f42fa303506a288ec1ae590bc7c42') in 0.049356 seconds 
========================================================================
Received Import Request.
  Time since last request: 0.000034 seconds.
  path: Assets/map/Yughues Free Palm Trees/Prefabs/PalmTreeTrioOneSided.prefab
  artifactKey: Guid(2ed7cc7e3c944414d8f3fabb4d533018) Importer(815301076,1909f56bfc062723c751e8b465ee728b)
Start importing Assets/map/Yughues Free Palm Trees/Prefabs/PalmTreeTrioOneSided.prefab using Guid(2ed7cc7e3c944414d8f3fabb4d533018) Importer(815301076,1909f56bfc062723c751e8b465ee728b)  -> (artifact id: '0a509b6b34b7a1ea5968459df732c333') in 0.047627 seconds 
========================================================================
Received Import Request.
  Time since last request: 0.000032 seconds.
  path: Assets/map/Yughues Free Palm Trees/Prefabs/PalmTreeDualStraightTwoSided.prefab
  artifactKey: Guid(5e617e90ac28ce7488be6a63235b1f32) Importer(815301076,1909f56bfc062723c751e8b465ee728b)
Start importing Assets/map/Yughues Free Palm Trees/Prefabs/PalmTreeDualStraightTwoSided.prefab using Guid(5e617e90ac28ce7488be6a63235b1f32) Importer(815301076,1909f56bfc062723c751e8b465ee728b)  -> (artifact id: 'caceb3b7b8735f4a3d9e0246891e09b8') in 0.056146 seconds 
========================================================================
Received Import Request.
  Time since last request: 0.000036 seconds.
  path: Assets/map/Yughues Free Palm Trees/Prefabs/PalmTreeDualStraightOneSided.prefab
  artifactKey: Guid(b9a200fc20bd2b54392b467e9411a431) Importer(815301076,1909f56bfc062723c751e8b465ee728b)
Start importing Assets/map/Yughues Free Palm Trees/Prefabs/PalmTreeDualStraightOneSided.prefab using Guid(b9a200fc20bd2b54392b467e9411a431) Importer(815301076,1909f56bfc062723c751e8b465ee728b)  -> (artifact id: 'c7997c2d9bc3f59464dbc0ae5861a21f') in 0.053643 seconds 
========================================================================
Received Import Request.
  Time since last request: 8.350392 seconds.
  path: Assets/vehicles/bmw 1980/bmw 1980.prefab
  artifactKey: Guid(717d1be84fab366489408807858fcb9d) Importer(815301076,1909f56bfc062723c751e8b465ee728b)
Start importing Assets/vehicles/bmw 1980/bmw 1980.prefab using Guid(717d1be84fab366489408807858fcb9d) Importer(815301076,1909f56bfc062723c751e8b465ee728b)  -> (artifact id: '626ca4eaf83e27378edc15009d26517c') in 0.661067 seconds 
========================================================================
Received Import Request.
  Time since last request: 0.000042 seconds.
  path: Assets/vehicles/bmw 1980/bmw.fbx
  artifactKey: Guid(d49c9622a37afb346ae5983873de9a67) Importer(815301076,1909f56bfc062723c751e8b465ee728b)
Start importing Assets/vehicles/bmw 1980/bmw.fbx using Guid(d49c9622a37afb346ae5983873de9a67) Importer(815301076,1909f56bfc062723c751e8b465ee728b)  -> (artifact id: 'd70c5d64768da07bb41fdada2162070e') in 0.464862 seconds 
========================================================================
Received Import Request.
  Time since last request: 0.000048 seconds.
  path: Assets/vehicles/bmw 1980/Bounce_7.wav
  artifactKey: Guid(606da4ef604a81d448efaa5a4ecca8ed) Importer(815301076,1909f56bfc062723c751e8b465ee728b)
Start importing Assets/vehicles/bmw 1980/Bounce_7.wav using Guid(606da4ef604a81d448efaa5a4ecca8ed) Importer(815301076,1909f56bfc062723c751e8b465ee728b)  -> (artifact id: '648715ffe9f76c020afffa0824188775') in 0.166431 seconds 
========================================================================
Received Import Request.
  Time since last request: 0.000069 seconds.
  path: Assets/vehicles/bmw 1980/smoke.prefab
  artifactKey: Guid(d958382a0f0100c41828f087b0bb64d7) Importer(815301076,1909f56bfc062723c751e8b465ee728b)
Start importing Assets/vehicles/bmw 1980/smoke.prefab using Guid(d958382a0f0100c41828f087b0bb64d7) Importer(815301076,1909f56bfc062723c751e8b465ee728b)  -> (artifact id: '1e5c736e8ab221a76ddb721ce3003dce') in 0.044010 seconds 
========================================================================
Received Import Request.
  Time since last request: 10.990919 seconds.
  path: Assets/Scenes/model/LightingData.asset
  artifactKey: Guid(0a1fbf6e705a292498566ce1ad02a82c) Importer(815301076,1909f56bfc062723c751e8b465ee728b)
Start importing Assets/Scenes/model/LightingData.asset using Guid(0a1fbf6e705a292498566ce1ad02a82c) Importer(815301076,1909f56bfc062723c751e8b465ee728b)  -> (artifact id: 'c7668ff6eacdc9e2d7ecebbde7894033') in 0.024416 seconds 
========================================================================
Received Import Request.
  Time since last request: 0.000039 seconds.
  path: Assets/Scenes/model/ReflectionProbe-0.exr
  artifactKey: Guid(1d48566e248db1e468e4825c85241472) Importer(815301076,1909f56bfc062723c751e8b465ee728b)
Start importing Assets/Scenes/model/ReflectionProbe-0.exr using Guid(1d48566e248db1e468e4825c85241472) Importer(815301076,1909f56bfc062723c751e8b465ee728b)  -> (artifact id: '94444e5967c3bafab29e5a4cfaf982b0') in 0.062915 seconds 
========================================================================
Received Import Request.
  Time since last request: 0.849624 seconds.
  path: Assets/Scenes/SampleScene/LightingData.asset
  artifactKey: Guid(c73e5eb705580664ea2a3d34e4ce6d12) Importer(815301076,1909f56bfc062723c751e8b465ee728b)
Start importing Assets/Scenes/SampleScene/LightingData.asset using Guid(c73e5eb705580664ea2a3d34e4ce6d12) Importer(815301076,1909f56bfc062723c751e8b465ee728b)  -> (artifact id: '9399fd3deaf545ba21fa9d053c742a00') in 0.012360 seconds 
========================================================================
Received Import Request.
  Time since last request: 0.000073 seconds.
  path: Assets/Scenes/SampleScene/ReflectionProbe-0.exr
  artifactKey: Guid(2ca30cd6877217640bd2bb5110176374) Importer(815301076,1909f56bfc062723c751e8b465ee728b)
Start importing Assets/Scenes/SampleScene/ReflectionProbe-0.exr using Guid(2ca30cd6877217640bd2bb5110176374) Importer(815301076,1909f56bfc062723c751e8b465ee728b)  -> (artifact id: '15e4569d9c6d5e1b4ed8bf89dadeb5bd') in 0.036086 seconds 
========================================================================
Received Import Request.
  Time since last request: 14.076143 seconds.
  path: Assets/imports/chiron Tire.fbx
  artifactKey: Guid(b0e8b13b9ab095a43a7e52e6c2756c73) Importer(815301076,1909f56bfc062723c751e8b465ee728b)
Start importing Assets/imports/chiron Tire.fbx using Guid(b0e8b13b9ab095a43a7e52e6c2756c73) Importer(815301076,1909f56bfc062723c751e8b465ee728b)  -> (artifact id: '55f0c8f86be3ef8158db89702d2df555') in 0.566609 seconds 
========================================================================
Received Import Request.
  Time since last request: 0.000043 seconds.
  path: Assets/imports/New Physic Material.physicMaterial
  artifactKey: Guid(a3deecc9d5871be459df9681df128885) Importer(815301076,1909f56bfc062723c751e8b465ee728b)
Start importing Assets/imports/New Physic Material.physicMaterial using Guid(a3deecc9d5871be459df9681df128885) Importer(815301076,1909f56bfc062723c751e8b465ee728b)  -> (artifact id: 'e6f481329a681f59625c6f8a111366bb') in 0.025057 seconds 
========================================================================
Received Import Request.
  Time since last request: 0.000048 seconds.
  path: Assets/imports/Untitled 1.fbx
  artifactKey: Guid(540d4b47957e984478b2d8596e8dc38f) Importer(815301076,1909f56bfc062723c751e8b465ee728b)
Start importing Assets/imports/Untitled 1.fbx using Guid(540d4b47957e984478b2d8596e8dc38f) Importer(815301076,1909f56bfc062723c751e8b465ee728b)  -> (artifact id: 'eb4c57f2adb23ec702c5d2adc5fdc8ae') in 0.041580 seconds 
========================================================================
Received Import Request.
  Time since last request: 1.201464 seconds.
  path: Assets/map/map.fbx
  artifactKey: Guid(dc8119cc6d183dd48b36c0c9ebd46710) Importer(815301076,1909f56bfc062723c751e8b465ee728b)
Start importing Assets/map/map.fbx using Guid(dc8119cc6d183dd48b36c0c9ebd46710) Importer(815301076,1909f56bfc062723c751e8b465ee728b)  -> (artifact id: 'af287dd7dd5dcc88c917105daae18227') in 0.397611 seconds 
========================================================================
Received Import Request.
  Time since last request: 0.000049 seconds.
  path: Assets/map/path.fbx
  artifactKey: Guid(33b9922c608d3264198473f3af43d6b3) Importer(815301076,1909f56bfc062723c751e8b465ee728b)
Start importing Assets/map/path.fbx using Guid(33b9922c608d3264198473f3af43d6b3) Importer(815301076,1909f56bfc062723c751e8b465ee728b)  -> (artifact id: 'c75d1caa22ce725dc9b6b5daa071fc8e') in 1.491359 seconds 
========================================================================
Received Import Request.
  Time since last request: 5.923951 seconds.
  path: Assets/Scenes/awakeScene
  artifactKey: Guid(7dd00deaf10bade4596ab6bedf768365) Importer(815301076,1909f56bfc062723c751e8b465ee728b)
Start importing Assets/Scenes/awakeScene using Guid(7dd00deaf10bade4596ab6bedf768365) Importer(815301076,1909f56bfc062723c751e8b465ee728b)  -> (artifact id: 'c54e951e0ff3393727d5630539b9b60f') in 0.023652 seconds 
========================================================================
Received Import Request.
  Time since last request: 47.168025 seconds.
  path: Assets/vehicles/bmw 1980/tex/bumper.mat
  artifactKey: Guid(ea7d97831a3394c44908b0f0e8d4fecf) Importer(815301076,1909f56bfc062723c751e8b465ee728b)
Start importing Assets/vehicles/bmw 1980/tex/bumper.mat using Guid(ea7d97831a3394c44908b0f0e8d4fecf) Importer(815301076,1909f56bfc062723c751e8b465ee728b)  -> (artifact id: '7bc4edf951463a5dba1970014765c56c') in 0.054722 seconds 
========================================================================
Received Import Request.
  Time since last request: 0.000029 seconds.
  path: Assets/vehicles/bmw 1980/tex/caliper.mat
  artifactKey: Guid(bbd2334894a26fa45a81a96bd8009ed8) Importer(815301076,1909f56bfc062723c751e8b465ee728b)
Start importing Assets/vehicles/bmw 1980/tex/caliper.mat using Guid(bbd2334894a26fa45a81a96bd8009ed8) Importer(815301076,1909f56bfc062723c751e8b465ee728b)  -> (artifact id: '59ff3429473b4ae8969f64a28c9f4543') in 0.033660 seconds 
========================================================================
Received Import Request.
  Time since last request: 0.000039 seconds.
  path: Assets/vehicles/bmw 1980/tex/frontLights.mat
  artifactKey: Guid(c6d7b359f9aeb0e42a52cbe7923dac07) Importer(815301076,1909f56bfc062723c751e8b465ee728b)
Start importing Assets/vehicles/bmw 1980/tex/frontLights.mat using Guid(c6d7b359f9aeb0e42a52cbe7923dac07) Importer(815301076,1909f56bfc062723c751e8b465ee728b)  -> (artifact id: 'd58c408364138c79dbd22ffd30b54da9') in 0.030967 seconds 
========================================================================
Received Import Request.
  Time since last request: 0.000302 seconds.
  path: Assets/vehicles/bmw 1980/tex/interior_lod0.png
  artifactKey: Guid(3f40c96d9b6115046885d571da234d84) Importer(815301076,1909f56bfc062723c751e8b465ee728b)
Start importing Assets/vehicles/bmw 1980/tex/interior_lod0.png using Guid(3f40c96d9b6115046885d571da234d84) Importer(815301076,1909f56bfc062723c751e8b465ee728b)  -> (artifact id: 'bcbb58dbf7d22344a16e1bd38fb748e1') in 0.060466 seconds 
========================================================================
Received Import Request.
  Time since last request: 0.000056 seconds.
  path: Assets/vehicles/bmw 1980/tex/lights_lod0.png
  artifactKey: Guid(d49908c3b1ac6ee4fb28ce9d2651208f) Importer(815301076,1909f56bfc062723c751e8b465ee728b)
Start importing Assets/vehicles/bmw 1980/tex/lights_lod0.png using Guid(d49908c3b1ac6ee4fb28ce9d2651208f) Importer(815301076,1909f56bfc062723c751e8b465ee728b)  -> (artifact id: '46453c71357800b431f42e82add7e68a') in 0.032012 seconds 
========================================================================
Received Import Request.
  Time since last request: 0.000032 seconds.
  path: Assets/vehicles/bmw 1980/tex/logo.mat
  artifactKey: Guid(92a1af1701063d8459b16bbe6ec07418) Importer(815301076,1909f56bfc062723c751e8b465ee728b)
Start importing Assets/vehicles/bmw 1980/tex/logo.mat using Guid(92a1af1701063d8459b16bbe6ec07418) Importer(815301076,1909f56bfc062723c751e8b465ee728b)  -> (artifact id: '78ff2713b59c72921bc6cfbf7ecabe4e') in 0.045019 seconds 
========================================================================
Received Import Request.
  Time since last request: 0.000036 seconds.
  path: Assets/vehicles/bmw 1980/tex/New Material.mat
  artifactKey: Guid(d0247a6c009187f44aa138b7a7cc350e) Importer(815301076,1909f56bfc062723c751e8b465ee728b)
Start importing Assets/vehicles/bmw 1980/tex/New Material.mat using Guid(d0247a6c009187f44aa138b7a7cc350e) Importer(815301076,1909f56bfc062723c751e8b465ee728b)  -> (artifact id: '9b5fe1c53cea915e48ffad7329ea0a7e') in 0.039320 seconds 
========================================================================
Received Import Request.
  Time since last request: 0.000066 seconds.
  path: Assets/vehicles/bmw 1980/tex/int.mat
  artifactKey: Guid(1a686c170a4a8c3459b2d36f652e9ea3) Importer(815301076,1909f56bfc062723c751e8b465ee728b)
Start importing Assets/vehicles/bmw 1980/tex/int.mat using Guid(1a686c170a4a8c3459b2d36f652e9ea3) Importer(815301076,1909f56bfc062723c751e8b465ee728b)  -> (artifact id: '0021482d80263632689aa4149a56bb2b') in 0.039197 seconds 
========================================================================
Received Import Request.
  Time since last request: 0.000051 seconds.
  path: Assets/vehicles/bmw 1980/tex/primary.mat
  artifactKey: Guid(6cf9229ad1b11c4479f553adab4498ce) Importer(815301076,1909f56bfc062723c751e8b465ee728b)
Start importing Assets/vehicles/bmw 1980/tex/primary.mat using Guid(6cf9229ad1b11c4479f553adab4498ce) Importer(815301076,1909f56bfc062723c751e8b465ee728b)  -> (artifact id: '9c764bf9a5dfcaf472cb713ee333555f') in 0.036556 seconds 
========================================================================
Received Import Request.
  Time since last request: 0.000034 seconds.
  path: Assets/vehicles/bmw 1980/tex/LghtsGlass 1.mat
  artifactKey: Guid(64ed6375935ff124a9f31cf823db01d4) Importer(815301076,1909f56bfc062723c751e8b465ee728b)
Start importing Assets/vehicles/bmw 1980/tex/LghtsGlass 1.mat using Guid(64ed6375935ff124a9f31cf823db01d4) Importer(815301076,1909f56bfc062723c751e8b465ee728b)  -> (artifact id: '909afd9a59c3678f30dc1ed3d80da20a') in 0.039706 seconds 
========================================================================
Received Import Request.
  Time since last request: 0.000037 seconds.
  path: Assets/vehicles/bmw 1980/tex/nodamage_lod0.png
  artifactKey: Guid(214d46bcfe6c1494b98ecba2be6f74c1) Importer(815301076,1909f56bfc062723c751e8b465ee728b)
Start importing Assets/vehicles/bmw 1980/tex/nodamage_lod0.png using Guid(214d46bcfe6c1494b98ecba2be6f74c1) Importer(815301076,1909f56bfc062723c751e8b465ee728b)  -> (artifact id: '26b02d5e4f14ebdea629b4e32e563bf9') in 0.042463 seconds 
========================================================================
Received Import Request.
  Time since last request: 18.224001 seconds.
  path: Assets/vehicles/bmw 1980/color/New Material 1.mat
  artifactKey: Guid(eaf10aac96b5b534d951fc1d3d2fa08e) Importer(815301076,1909f56bfc062723c751e8b465ee728b)
Start importing Assets/vehicles/bmw 1980/color/New Material 1.mat using Guid(eaf10aac96b5b534d951fc1d3d2fa08e) Importer(815301076,1909f56bfc062723c751e8b465ee728b)  -> (artifact id: '6a3e5f5912655eed9435cc178cb01037') in 0.038982 seconds 
========================================================================
Received Import Request.
  Time since last request: 0.000039 seconds.
  path: Assets/vehicles/bmw 1980/color/New Material.mat
  artifactKey: Guid(95a400d1a5fb7ac4fbf20adb8c2b04a5) Importer(815301076,1909f56bfc062723c751e8b465ee728b)
Start importing Assets/vehicles/bmw 1980/color/New Material.mat using Guid(95a400d1a5fb7ac4fbf20adb8c2b04a5) Importer(815301076,1909f56bfc062723c751e8b465ee728b)  -> (artifact id: '2fc962569d7160e8824924946cd46444') in 0.033091 seconds 
========================================================================
Received Import Request.
  Time since last request: 0.000044 seconds.
  path: Assets/vehicles/bmw 1980/color/New Material 2.mat
  artifactKey: Guid(fc127e09bf6a2a242b1accb8594f701d) Importer(815301076,1909f56bfc062723c751e8b465ee728b)
Start importing Assets/vehicles/bmw 1980/color/New Material 2.mat using Guid(fc127e09bf6a2a242b1accb8594f701d) Importer(815301076,1909f56bfc062723c751e8b465ee728b)  -> (artifact id: '84e704fb1b07c8b6ad118baf2dd983a5') in 0.041514 seconds 
========================================================================
Received Prepare
Registering precompiled user dll's ...
Registered in 0.015690 seconds.
Begin MonoManager ReloadAssembly
Native extension for WindowsStandalone target not found
Refreshing native plugins compatible for Editor in 4.67 ms, found 2 plugins.
Preloading 0 native plugins for Editor in 0.00 ms.
[ScriptCompilation] NOT recompiling all scripts because this is an import worker process. Reason to compile was: Define symbols changed
Mono: successfully reloaded assembly
- Completed reload, in  5.345 seconds
Domain Reload Profiling:
	ReloadAssembly (5352ms)
		BeginReloadAssembly (515ms)
			ExecutionOrderSort (0ms)
			DisableScriptedObjects (17ms)
			BackupInstance (0ms)
			ReleaseScriptingObjects (0ms)
			CreateAndSetChildDomain (153ms)
		EndReloadAssembly (4444ms)
			LoadAssemblies (407ms)
			RebuildTransferFunctionScriptingTraits (0ms)
			SetupTypeCache (1036ms)
			ReleaseScriptCaches (2ms)
			RebuildScriptCaches (244ms)
			SetupLoadedEditorAssemblies (2385ms)
				LogAssemblyErrors (0ms)
				InitializePlatformSupportModulesInManaged (61ms)
				SetLoadedEditorAssemblies (2ms)
				RefreshPlugins (5ms)
				BeforeProcessingInitializeOnLoad (325ms)
				ProcessInitializeOnLoadAttributes (1742ms)
				ProcessInitializeOnLoadMethodAttributes (207ms)
				AfterProcessingInitializeOnLoad (42ms)
				EditorAssembliesLoaded (1ms)
			ExecutionOrderSort2 (0ms)
			AwakeInstancesAfterBackupRestoration (41ms)
Platform modules already initialized, skipping
Refreshing native plugins compatible for Editor in 5.23 ms, found 2 plugins.
Preloading 0 native plugins for Editor in 0.00 ms.
Unloading 2563 Unused Serialized files (Serialized files now loaded: 0)
Unloading 34 unused Assets / (1.2 MB). Loaded Objects now: 3139.
Memory consumption went from 143.0 MB to 141.8 MB.
Total: 4.710100 ms (FindLiveObjects: 0.328600 ms CreateObjectMapping: 0.192900 ms MarkObjects: 3.912900 ms  DeleteObjects: 0.274100 ms)

AssetImportParameters requested are different than current active one (requested -> active):
  custom:video-decoder-ogg-theora: a1e56fd34408186e4bbccfd4996cb3dc -> 
  custom:container-muxer-webm: aa71ff27fc2769a1b78a27578f13a17b -> 
  custom:container-demuxer-webm: 4f35f7cbe854078d1ac9338744f61a02 -> 
  custom:video-encoder-webm-vp8: eb34c28f22e8b96e1ab97ce403110664 -> 
  custom:audio-encoder-webm-vorbis: bf7c407c2cedff20999df2af8eb42d56 -> 
  custom:framework-win-MediaFoundation: 216162199b28c13a410421893ffa2e32 -> 
  custom:container-demuxer-ogg: 62fdf1f143b41e24485cea50d1cbac27 -> 
  custom:video-decoder-webm-vp8: 9c59270c3fd7afecdb556c50c9e8de78 -> 
  custom:audio-decoder-ogg-vorbis: bf7c407c2cedff20999df2af8eb42d56 -> 
========================================================================
Received Prepare
Registering precompiled user dll's ...
Registered in 0.016067 seconds.
Begin MonoManager ReloadAssembly
Native extension for WindowsStandalone target not found
Refreshing native plugins compatible for Editor in 6.06 ms, found 2 plugins.
Preloading 0 native plugins for Editor in 0.00 ms.
[ScriptCompilation] NOT recompiling all scripts because this is an import worker process. Reason to compile was: Define symbols changed
Mono: successfully reloaded assembly
- Completed reload, in  4.764 seconds
Domain Reload Profiling:
	ReloadAssembly (4772ms)
		BeginReloadAssembly (528ms)
			ExecutionOrderSort (0ms)
			DisableScriptedObjects (34ms)
			BackupInstance (0ms)
			ReleaseScriptingObjects (0ms)
			CreateAndSetChildDomain (131ms)
		EndReloadAssembly (3844ms)
			LoadAssemblies (380ms)
			RebuildTransferFunctionScriptingTraits (0ms)
			SetupTypeCache (1064ms)
			ReleaseScriptCaches (3ms)
			RebuildScriptCaches (266ms)
			SetupLoadedEditorAssemblies (1761ms)
				LogAssemblyErrors (0ms)
				InitializePlatformSupportModulesInManaged (74ms)
				SetLoadedEditorAssemblies (1ms)
				RefreshPlugins (6ms)
				BeforeProcessingInitializeOnLoad (250ms)
				ProcessInitializeOnLoadAttributes (1274ms)
				ProcessInitializeOnLoadMethodAttributes (126ms)
				AfterProcessingInitializeOnLoad (29ms)
				EditorAssembliesLoaded (1ms)
			ExecutionOrderSort2 (0ms)
			AwakeInstancesAfterBackupRestoration (28ms)
Platform modules already initialized, skipping
Refreshing native plugins compatible for Editor in 27.33 ms, found 2 plugins.
Preloading 0 native plugins for Editor in 0.00 ms.
Unloading 2563 Unused Serialized files (Serialized files now loaded: 0)
Unloading 34 unused Assets / (1.2 MB). Loaded Objects now: 3142.
Memory consumption went from 143.1 MB to 141.8 MB.
Total: 17.425200 ms (FindLiveObjects: 0.963900 ms CreateObjectMapping: 0.936700 ms MarkObjects: 12.647200 ms  DeleteObjects: 2.874100 ms)

AssetImportParameters requested are different than current active one (requested -> active):
  custom:video-decoder-ogg-theora: a1e56fd34408186e4bbccfd4996cb3dc -> 
  custom:container-muxer-webm: aa71ff27fc2769a1b78a27578f13a17b -> 
  custom:container-demuxer-webm: 4f35f7cbe854078d1ac9338744f61a02 -> 
  custom:video-encoder-webm-vp8: eb34c28f22e8b96e1ab97ce403110664 -> 
  custom:audio-encoder-webm-vorbis: bf7c407c2cedff20999df2af8eb42d56 -> 
  custom:framework-win-MediaFoundation: 216162199b28c13a410421893ffa2e32 -> 
  custom:container-demuxer-ogg: 62fdf1f143b41e24485cea50d1cbac27 -> 
  custom:video-decoder-webm-vp8: 9c59270c3fd7afecdb556c50c9e8de78 -> 
  custom:audio-decoder-ogg-vorbis: bf7c407c2cedff20999df2af8eb42d56 -> 
